Assembler report for TopDE
Thu Jul 04 15:36:01 2013
Quartus II Version 9.1 Build 222 10/21/2009 SJ Web Edition


---------------------
; Table of Contents ;
---------------------
  1. Legal Notice
  2. Assembler Summary
  3. Assembler Settings
  4. Assembler Generated Files
  5. Assembler Device Options: C:/Users/lamar/Documents/Meus_Documentos/kiko/Disciplinas/UnB/OAC/2013-1/Lab5/MIPS-PIPE_v3/MIPS-PIPE_v3/TopDE.sof
  6. Assembler Device Options: C:/Users/lamar/Documents/Meus_Documentos/kiko/Disciplinas/UnB/OAC/2013-1/Lab5/MIPS-PIPE_v3/MIPS-PIPE_v3/TopDE.pof
  7. Assembler Messages



----------------
; Legal Notice ;
----------------
Copyright (C) 1991-2009 Altera Corporation
Your use of Altera Corporation's design tools, logic functions 
and other software and tools, and its AMPP partner logic 
functions, and any output files from any of the foregoing 
(including device programming or simulation files), and any 
associated documentation or information are expressly subject 
to the terms and conditions of the Altera Program License 
Subscription Agreement, Altera MegaCore Function License 
Agreement, or other applicable license agreement, including, 
without limitation, that your use is for the sole purpose of 
programming logic devices manufactured by Altera and sold by 
Altera or its authorized distributors.  Please refer to the 
applicable agreement for further details.



+---------------------------------------------------------------+
; Assembler Summary                                             ;
+-----------------------+---------------------------------------+
; Assembler Status      ; Successful - Thu Jul 04 15:36:01 2013 ;
; Revision Name         ; TopDE                                 ;
; Top-level Entity Name ; TopDE                                 ;
; Family                ; Cyclone II                            ;
; Device                ; EP2C70F896C6                          ;
+-----------------------+---------------------------------------+


+--------------------------------------------------------------------------------------------------------+
; Assembler Settings                                                                                     ;
+-----------------------------------------------------------------------------+----------+---------------+
; Option                                                                      ; Setting  ; Default Value ;
+-----------------------------------------------------------------------------+----------+---------------+
; Use smart compilation                                                       ; Off      ; Off           ;
; Enable parallel Assembler and TimeQuest Timing Analyzer during compilation  ; On       ; On            ;
; Enable compact report table                                                 ; Off      ; Off           ;
; Generate compressed bitstreams                                              ; On       ; On            ;
; Compression mode                                                            ; Off      ; Off           ;
; Clock source for configuration device                                       ; Internal ; Internal      ;
; Clock frequency of the configuration device                                 ; 10 MHZ   ; 10 MHz        ;
; Divide clock frequency by                                                   ; 1        ; 1             ;
; Auto user code                                                              ; Off      ; Off           ;
; Use configuration device                                                    ; On       ; On            ;
; Configuration device                                                        ; Auto     ; Auto          ;
; Configuration device auto user code                                         ; Off      ; Off           ;
; Generate Tabular Text File (.ttf) For Target Device                         ; Off      ; Off           ;
; Generate Raw Binary File (.rbf) For Target Device                           ; Off      ; Off           ;
; Generate Hexadecimal (Intel-Format) Output File (.hexout) for Target Device ; Off      ; Off           ;
; Hexadecimal Output File start address                                       ; 0        ; 0             ;
; Hexadecimal Output File count direction                                     ; Up       ; Up            ;
; Release clears before tri-states                                            ; Off      ; Off           ;
; Auto-restart configuration after error                                      ; On       ; On            ;
; Maintain Compatibility with All Cyclone II M4K Versions                     ; On       ; On            ;
; Generate Serial Vector Format File (.svf) for Target Device                 ; Off      ; Off           ;
; Generate a JEDEC STAPL Format File (.jam) for Target Device                 ; Off      ; Off           ;
; Generate a compressed Jam STAPL Byte Code 2.0 File (.jbc) for Target Device ; Off      ; Off           ;
; Generate a compressed Jam STAPL Byte Code 2.0 File (.jbc) for Target Device ; On       ; On            ;
+-----------------------------------------------------------------------------+----------+---------------+


+-------------------------------------------------------------------------------------------------------------------+
; Assembler Generated Files                                                                                         ;
+-------------------------------------------------------------------------------------------------------------------+
; File Name                                                                                                         ;
+-------------------------------------------------------------------------------------------------------------------+
; C:/Users/lamar/Documents/Meus_Documentos/kiko/Disciplinas/UnB/OAC/2013-1/Lab5/MIPS-PIPE_v3/MIPS-PIPE_v3/TopDE.sof ;
; C:/Users/lamar/Documents/Meus_Documentos/kiko/Disciplinas/UnB/OAC/2013-1/Lab5/MIPS-PIPE_v3/MIPS-PIPE_v3/TopDE.pof ;
+-------------------------------------------------------------------------------------------------------------------+


+---------------------------------------------------------------------------------------------------------------------------------------------+
; Assembler Device Options: C:/Users/lamar/Documents/Meus_Documentos/kiko/Disciplinas/UnB/OAC/2013-1/Lab5/MIPS-PIPE_v3/MIPS-PIPE_v3/TopDE.sof ;
+----------------+----------------------------------------------------------------------------------------------------------------------------+
; Option         ; Setting                                                                                                                    ;
+----------------+----------------------------------------------------------------------------------------------------------------------------+
; Device         ; EP2C70F896C6                                                                                                               ;
; JTAG usercode  ; 0xFFFFFFFF                                                                                                                 ;
; Checksum       ; 0x01EBFE4E                                                                                                                 ;
+----------------+----------------------------------------------------------------------------------------------------------------------------+


+---------------------------------------------------------------------------------------------------------------------------------------------+
; Assembler Device Options: C:/Users/lamar/Documents/Meus_Documentos/kiko/Disciplinas/UnB/OAC/2013-1/Lab5/MIPS-PIPE_v3/MIPS-PIPE_v3/TopDE.pof ;
+--------------------+------------------------------------------------------------------------------------------------------------------------+
; Option             ; Setting                                                                                                                ;
+--------------------+------------------------------------------------------------------------------------------------------------------------+
; Device             ; EPCS16                                                                                                                 ;
; JTAG usercode      ; 0x00000000                                                                                                             ;
; Checksum           ; 0x16369B6E                                                                                                             ;
; Compression Ratio  ; 2                                                                                                                      ;
+--------------------+------------------------------------------------------------------------------------------------------------------------+


+--------------------+
; Assembler Messages ;
+--------------------+
Info: *******************************************************************
Info: Running Quartus II Assembler
    Info: Version 9.1 Build 222 10/21/2009 SJ Web Edition
    Info: Processing started: Thu Jul 04 15:35:50 2013
Info: Command: quartus_asm --read_settings_files=off --write_settings_files=off MIPS-PIPE_v3 -c TopDE
Critical Warning: M4K memory block WYSIWYG primitive "MIPS2:Processor0|DataMemory:memData|UserDataBlock:MB0|altsyncram:altsyncram_component|altsyncram_3ik1:auto_generated|altsyncram_21g2:altsyncram1|ram_block3a0" utilizes the dual-port dual-clock mode with WYSIWYG parameter SAFE_WRITE = "VERIFIED_SAFE". However, this mode might not work in Cyclone II device family in this version of Quartus II software. Please refer to the Cyclone II FPGA Family Errata Sheet for more information on this feature.
Critical Warning: M4K memory block WYSIWYG primitive "MIPS2:Processor0|DataMemory:memData|SysDataBlock:MB1|altsyncram:altsyncram_component|altsyncram_5jk1:auto_generated|altsyncram_c1g2:altsyncram1|ram_block3a0" utilizes the dual-port dual-clock mode with WYSIWYG parameter SAFE_WRITE = "VERIFIED_SAFE". However, this mode might not work in Cyclone II device family in this version of Quartus II software. Please refer to the Cyclone II FPGA Family Errata Sheet for more information on this feature.
Critical Warning: M4K memory block WYSIWYG primitive "MIPS2:Processor0|DataMemory:memData|UserDataBlock:MB0|altsyncram:altsyncram_component|altsyncram_3ik1:auto_generated|altsyncram_21g2:altsyncram1|ram_block3a31" utilizes the dual-port dual-clock mode with WYSIWYG parameter SAFE_WRITE = "VERIFIED_SAFE". However, this mode might not work in Cyclone II device family in this version of Quartus II software. Please refer to the Cyclone II FPGA Family Errata Sheet for more information on this feature.
Critical Warning: M4K memory block WYSIWYG primitive "MIPS2:Processor0|DataMemory:memData|UserDataBlock:MB0|altsyncram:altsyncram_component|altsyncram_3ik1:auto_generated|altsyncram_21g2:altsyncram1|ram_block3a30" utilizes the dual-port dual-clock mode with WYSIWYG parameter SAFE_WRITE = "VERIFIED_SAFE". However, this mode might not work in Cyclone II device family in this version of Quartus II software. Please refer to the Cyclone II FPGA Family Errata Sheet for more information on this feature.
Critical Warning: M4K memory block WYSIWYG primitive "MIPS2:Processor0|DataMemory:memData|UserDataBlock:MB0|altsyncram:altsyncram_component|altsyncram_3ik1:auto_generated|altsyncram_21g2:altsyncram1|ram_block3a29" utilizes the dual-port dual-clock mode with WYSIWYG parameter SAFE_WRITE = "VERIFIED_SAFE". However, this mode might not work in Cyclone II device family in this version of Quartus II software. Please refer to the Cyclone II FPGA Family Errata Sheet for more information on this feature.
Critical Warning: M4K memory block WYSIWYG primitive "MIPS2:Processor0|DataMemory:memData|SysDataBlock:MB1|altsyncram:altsyncram_component|altsyncram_5jk1:auto_generated|altsyncram_c1g2:altsyncram1|ram_block3a29" utilizes the dual-port dual-clock mode with WYSIWYG parameter SAFE_WRITE = "VERIFIED_SAFE". However, this mode might not work in Cyclone II device family in this version of Quartus II software. Please refer to the Cyclone II FPGA Family Errata Sheet for more information on this feature.
Critical Warning: M4K memory block WYSIWYG primitive "MIPS2:Processor0|DataMemory:memData|UserDataBlock:MB0|altsyncram:altsyncram_component|altsyncram_3ik1:auto_generated|altsyncram_21g2:altsyncram1|ram_block3a28" utilizes the dual-port dual-clock mode with WYSIWYG parameter SAFE_WRITE = "VERIFIED_SAFE". However, this mode might not work in Cyclone II device family in this version of Quartus II software. Please refer to the Cyclone II FPGA Family Errata Sheet for more information on this feature.
Critical Warning: M4K memory block WYSIWYG primitive "MIPS2:Processor0|DataMemory:memData|UserDataBlock:MB0|altsyncram:altsyncram_component|altsyncram_3ik1:auto_generated|altsyncram_21g2:altsyncram1|ram_block3a27" utilizes the dual-port dual-clock mode with WYSIWYG parameter SAFE_WRITE = "VERIFIED_SAFE". However, this mode might not work in Cyclone II device family in this version of Quartus II software. Please refer to the Cyclone II FPGA Family Errata Sheet for more information on this feature.
Critical Warning: M4K memory block WYSIWYG primitive "MIPS2:Processor0|DataMemory:memData|SysDataBlock:MB1|altsyncram:altsyncram_component|altsyncram_5jk1:auto_generated|altsyncram_c1g2:altsyncram1|ram_block3a27" utilizes the dual-port dual-clock mode with WYSIWYG parameter SAFE_WRITE = "VERIFIED_SAFE". However, this mode might not work in Cyclone II device family in this version of Quartus II software. Please refer to the Cyclone II FPGA Family Errata Sheet for more information on this feature.
Critical Warning: M4K memory block WYSIWYG primitive "MIPS2:Processor0|DataMemory:memData|UserDataBlock:MB0|altsyncram:altsyncram_component|altsyncram_3ik1:auto_generated|altsyncram_21g2:altsyncram1|ram_block3a26" utilizes the dual-port dual-clock mode with WYSIWYG parameter SAFE_WRITE = "VERIFIED_SAFE". However, this mode might not work in Cyclone II device family in this version of Quartus II software. Please refer to the Cyclone II FPGA Family Errata Sheet for more information on this feature.
Critical Warning: M4K memory block WYSIWYG primitive "MIPS2:Processor0|DataMemory:memData|UserDataBlock:MB0|altsyncram:altsyncram_component|altsyncram_3ik1:auto_generated|altsyncram_21g2:altsyncram1|ram_block3a25" utilizes the dual-port dual-clock mode with WYSIWYG parameter SAFE_WRITE = "VERIFIED_SAFE". However, this mode might not work in Cyclone II device family in this version of Quartus II software. Please refer to the Cyclone II FPGA Family Errata Sheet for more information on this feature.
Critical Warning: M4K memory block WYSIWYG primitive "MIPS2:Processor0|DataMemory:memData|SysDataBlock:MB1|altsyncram:altsyncram_component|altsyncram_5jk1:auto_generated|altsyncram_c1g2:altsyncram1|ram_block3a25" utilizes the dual-port dual-clock mode with WYSIWYG parameter SAFE_WRITE = "VERIFIED_SAFE". However, this mode might not work in Cyclone II device family in this version of Quartus II software. Please refer to the Cyclone II FPGA Family Errata Sheet for more information on this feature.
Critical Warning: M4K memory block WYSIWYG primitive "MIPS2:Processor0|DataMemory:memData|UserDataBlock:MB0|altsyncram:altsyncram_component|altsyncram_3ik1:auto_generated|altsyncram_21g2:altsyncram1|ram_block3a24" utilizes the dual-port dual-clock mode with WYSIWYG parameter SAFE_WRITE = "VERIFIED_SAFE". However, this mode might not work in Cyclone II device family in this version of Quartus II software. Please refer to the Cyclone II FPGA Family Errata Sheet for more information on this feature.
Critical Warning: M4K memory block WYSIWYG primitive "MIPS2:Processor0|DataMemory:memData|UserDataBlock:MB0|altsyncram:altsyncram_component|altsyncram_3ik1:auto_generated|altsyncram_21g2:altsyncram1|ram_block3a23" utilizes the dual-port dual-clock mode with WYSIWYG parameter SAFE_WRITE = "VERIFIED_SAFE". However, this mode might not work in Cyclone II device family in this version of Quartus II software. Please refer to the Cyclone II FPGA Family Errata Sheet for more information on this feature.
Critical Warning: M4K memory block WYSIWYG primitive "MIPS2:Processor0|DataMemory:memData|SysDataBlock:MB1|altsyncram:altsyncram_component|altsyncram_5jk1:auto_generated|altsyncram_c1g2:altsyncram1|ram_block3a23" utilizes the dual-port dual-clock mode with WYSIWYG parameter SAFE_WRITE = "VERIFIED_SAFE". However, this mode might not work in Cyclone II device family in this version of Quartus II software. Please refer to the Cyclone II FPGA Family Errata Sheet for more information on this feature.
Critical Warning: M4K memory block WYSIWYG primitive "MIPS2:Processor0|DataMemory:memData|UserDataBlock:MB0|altsyncram:altsyncram_component|altsyncram_3ik1:auto_generated|altsyncram_21g2:altsyncram1|ram_block3a22" utilizes the dual-port dual-clock mode with WYSIWYG parameter SAFE_WRITE = "VERIFIED_SAFE". However, this mode might not work in Cyclone II device family in this version of Quartus II software. Please refer to the Cyclone II FPGA Family Errata Sheet for more information on this feature.
Critical Warning: M4K memory block WYSIWYG primitive "MIPS2:Processor0|DataMemory:memData|UserDataBlock:MB0|altsyncram:altsyncram_component|altsyncram_3ik1:auto_generated|altsyncram_21g2:altsyncram1|ram_block3a21" utilizes the dual-port dual-clock mode with WYSIWYG parameter SAFE_WRITE = "VERIFIED_SAFE". However, this mode might not work in Cyclone II device family in this version of Quartus II software. Please refer to the Cyclone II FPGA Family Errata Sheet for more information on this feature.
Critical Warning: M4K memory block WYSIWYG primitive "MIPS2:Processor0|DataMemory:memData|SysDataBlock:MB1|altsyncram:altsyncram_component|altsyncram_5jk1:auto_generated|altsyncram_c1g2:altsyncram1|ram_block3a21" utilizes the dual-port dual-clock mode with WYSIWYG parameter SAFE_WRITE = "VERIFIED_SAFE". However, this mode might not work in Cyclone II device family in this version of Quartus II software. Please refer to the Cyclone II FPGA Family Errata Sheet for more information on this feature.
Critical Warning: M4K memory block WYSIWYG primitive "MIPS2:Processor0|DataMemory:memData|UserDataBlock:MB0|altsyncram:altsyncram_component|altsyncram_3ik1:auto_generated|altsyncram_21g2:altsyncram1|ram_block3a20" utilizes the dual-port dual-clock mode with WYSIWYG parameter SAFE_WRITE = "VERIFIED_SAFE". However, this mode might not work in Cyclone II device family in this version of Quartus II software. Please refer to the Cyclone II FPGA Family Errata Sheet for more information on this feature.
Critical Warning: M4K memory block WYSIWYG primitive "MIPS2:Processor0|DataMemory:memData|UserDataBlock:MB0|altsyncram:altsyncram_component|altsyncram_3ik1:auto_generated|altsyncram_21g2:altsyncram1|ram_block3a19" utilizes the dual-port dual-clock mode with WYSIWYG parameter SAFE_WRITE = "VERIFIED_SAFE". However, this mode might not work in Cyclone II device family in this version of Quartus II software. Please refer to the Cyclone II FPGA Family Errata Sheet for more information on this feature.
Critical Warning: M4K memory block WYSIWYG primitive "MIPS2:Processor0|DataMemory:memData|SysDataBlock:MB1|altsyncram:altsyncram_component|altsyncram_5jk1:auto_generated|altsyncram_c1g2:altsyncram1|ram_block3a19" utilizes the dual-port dual-clock mode with WYSIWYG parameter SAFE_WRITE = "VERIFIED_SAFE". However, this mode might not work in Cyclone II device family in this version of Quartus II software. Please refer to the Cyclone II FPGA Family Errata Sheet for more information on this feature.
Critical Warning: M4K memory block WYSIWYG primitive "MIPS2:Processor0|DataMemory:memData|UserDataBlock:MB0|altsyncram:altsyncram_component|altsyncram_3ik1:auto_generated|altsyncram_21g2:altsyncram1|ram_block3a18" utilizes the dual-port dual-clock mode with WYSIWYG parameter SAFE_WRITE = "VERIFIED_SAFE". However, this mode might not work in Cyclone II device family in this version of Quartus II software. Please refer to the Cyclone II FPGA Family Errata Sheet for more information on this feature.
Critical Warning: M4K memory block WYSIWYG primitive "MIPS2:Processor0|DataMemory:memData|UserDataBlock:MB0|altsyncram:altsyncram_component|altsyncram_3ik1:auto_generated|altsyncram_21g2:altsyncram1|ram_block3a17" utilizes the dual-port dual-clock mode with WYSIWYG parameter SAFE_WRITE = "VERIFIED_SAFE". However, this mode might not work in Cyclone II device family in this version of Quartus II software. Please refer to the Cyclone II FPGA Family Errata Sheet for more information on this feature.
Critical Warning: M4K memory block WYSIWYG primitive "MIPS2:Processor0|DataMemory:memData|SysDataBlock:MB1|altsyncram:altsyncram_component|altsyncram_5jk1:auto_generated|altsyncram_c1g2:altsyncram1|ram_block3a17" utilizes the dual-port dual-clock mode with WYSIWYG parameter SAFE_WRITE = "VERIFIED_SAFE". However, this mode might not work in Cyclone II device family in this version of Quartus II software. Please refer to the Cyclone II FPGA Family Errata Sheet for more information on this feature.
Critical Warning: M4K memory block WYSIWYG primitive "MIPS2:Processor0|DataMemory:memData|UserDataBlock:MB0|altsyncram:altsyncram_component|altsyncram_3ik1:auto_generated|altsyncram_21g2:altsyncram1|ram_block3a16" utilizes the dual-port dual-clock mode with WYSIWYG parameter SAFE_WRITE = "VERIFIED_SAFE". However, this mode might not work in Cyclone II device family in this version of Quartus II software. Please refer to the Cyclone II FPGA Family Errata Sheet for more information on this feature.
Critical Warning: M4K memory block WYSIWYG primitive "MIPS2:Processor0|DataMemory:memData|UserDataBlock:MB0|altsyncram:altsyncram_component|altsyncram_3ik1:auto_generated|altsyncram_21g2:altsyncram1|ram_block3a15" utilizes the dual-port dual-clock mode with WYSIWYG parameter SAFE_WRITE = "VERIFIED_SAFE". However, this mode might not work in Cyclone II device family in this version of Quartus II software. Please refer to the Cyclone II FPGA Family Errata Sheet for more information on this feature.
Critical Warning: M4K memory block WYSIWYG primitive "MIPS2:Processor0|DataMemory:memData|SysDataBlock:MB1|altsyncram:altsyncram_component|altsyncram_5jk1:auto_generated|altsyncram_c1g2:altsyncram1|ram_block3a15" utilizes the dual-port dual-clock mode with WYSIWYG parameter SAFE_WRITE = "VERIFIED_SAFE". However, this mode might not work in Cyclone II device family in this version of Quartus II software. Please refer to the Cyclone II FPGA Family Errata Sheet for more information on this feature.
Critical Warning: M4K memory block WYSIWYG primitive "MIPS2:Processor0|DataMemory:memData|UserDataBlock:MB0|altsyncram:altsyncram_component|altsyncram_3ik1:auto_generated|altsyncram_21g2:altsyncram1|ram_block3a14" utilizes the dual-port dual-clock mode with WYSIWYG parameter SAFE_WRITE = "VERIFIED_SAFE". However, this mode might not work in Cyclone II device family in this version of Quartus II software. Please refer to the Cyclone II FPGA Family Errata Sheet for more information on this feature.
Critical Warning: M4K memory block WYSIWYG primitive "MIPS2:Processor0|DataMemory:memData|UserDataBlock:MB0|altsyncram:altsyncram_component|altsyncram_3ik1:auto_generated|altsyncram_21g2:altsyncram1|ram_block3a13" utilizes the dual-port dual-clock mode with WYSIWYG parameter SAFE_WRITE = "VERIFIED_SAFE". However, this mode might not work in Cyclone II device family in this version of Quartus II software. Please refer to the Cyclone II FPGA Family Errata Sheet for more information on this feature.
Critical Warning: M4K memory block WYSIWYG primitive "MIPS2:Processor0|DataMemory:memData|SysDataBlock:MB1|altsyncram:altsyncram_component|altsyncram_5jk1:auto_generated|altsyncram_c1g2:altsyncram1|ram_block3a13" utilizes the dual-port dual-clock mode with WYSIWYG parameter SAFE_WRITE = "VERIFIED_SAFE". However, this mode might not work in Cyclone II device family in this version of Quartus II software. Please refer to the Cyclone II FPGA Family Errata Sheet for more information on this feature.
Critical Warning: M4K memory block WYSIWYG primitive "MIPS2:Processor0|DataMemory:memData|UserDataBlock:MB0|altsyncram:altsyncram_component|altsyncram_3ik1:auto_generated|altsyncram_21g2:altsyncram1|ram_block3a12" utilizes the dual-port dual-clock mode with WYSIWYG parameter SAFE_WRITE = "VERIFIED_SAFE". However, this mode might not work in Cyclone II device family in this version of Quartus II software. Please refer to the Cyclone II FPGA Family Errata Sheet for more information on this feature.
Critical Warning: M4K memory block WYSIWYG primitive "MIPS2:Processor0|DataMemory:memData|UserDataBlock:MB0|altsyncram:altsyncram_component|altsyncram_3ik1:auto_generated|altsyncram_21g2:altsyncram1|ram_block3a11" utilizes the dual-port dual-clock mode with WYSIWYG parameter SAFE_WRITE = "VERIFIED_SAFE". However, this mode might not work in Cyclone II device family in this version of Quartus II software. Please refer to the Cyclone II FPGA Family Errata Sheet for more information on this feature.
Critical Warning: M4K memory block WYSIWYG primitive "MIPS2:Processor0|DataMemory:memData|SysDataBlock:MB1|altsyncram:altsyncram_component|altsyncram_5jk1:auto_generated|altsyncram_c1g2:altsyncram1|ram_block3a11" utilizes the dual-port dual-clock mode with WYSIWYG parameter SAFE_WRITE = "VERIFIED_SAFE". However, this mode might not work in Cyclone II device family in this version of Quartus II software. Please refer to the Cyclone II FPGA Family Errata Sheet for more information on this feature.
Critical Warning: M4K memory block WYSIWYG primitive "MIPS2:Processor0|DataMemory:memData|UserDataBlock:MB0|altsyncram:altsyncram_component|altsyncram_3ik1:auto_generated|altsyncram_21g2:altsyncram1|ram_block3a10" utilizes the dual-port dual-clock mode with WYSIWYG parameter SAFE_WRITE = "VERIFIED_SAFE". However, this mode might not work in Cyclone II device family in this version of Quartus II software. Please refer to the Cyclone II FPGA Family Errata Sheet for more information on this feature.
Critical Warning: M4K memory block WYSIWYG primitive "MIPS2:Processor0|DataMemory:memData|UserDataBlock:MB0|altsyncram:altsyncram_component|altsyncram_3ik1:auto_generated|altsyncram_21g2:altsyncram1|ram_block3a9" utilizes the dual-port dual-clock mode with WYSIWYG parameter SAFE_WRITE = "VERIFIED_SAFE". However, this mode might not work in Cyclone II device family in this version of Quartus II software. Please refer to the Cyclone II FPGA Family Errata Sheet for more information on this feature.
Critical Warning: M4K memory block WYSIWYG primitive "MIPS2:Processor0|DataMemory:memData|SysDataBlock:MB1|altsyncram:altsyncram_component|altsyncram_5jk1:auto_generated|altsyncram_c1g2:altsyncram1|ram_block3a9" utilizes the dual-port dual-clock mode with WYSIWYG parameter SAFE_WRITE = "VERIFIED_SAFE". However, this mode might not work in Cyclone II device family in this version of Quartus II software. Please refer to the Cyclone II FPGA Family Errata Sheet for more information on this feature.
Critical Warning: M4K memory block WYSIWYG primitive "MIPS2:Processor0|DataMemory:memData|UserDataBlock:MB0|altsyncram:altsyncram_component|altsyncram_3ik1:auto_generated|altsyncram_21g2:altsyncram1|ram_block3a8" utilizes the dual-port dual-clock mode with WYSIWYG parameter SAFE_WRITE = "VERIFIED_SAFE". However, this mode might not work in Cyclone II device family in this version of Quartus II software. Please refer to the Cyclone II FPGA Family Errata Sheet for more information on this feature.
Critical Warning: M4K memory block WYSIWYG primitive "MIPS2:Processor0|DataMemory:memData|UserDataBlock:MB0|altsyncram:altsyncram_component|altsyncram_3ik1:auto_generated|altsyncram_21g2:altsyncram1|ram_block3a7" utilizes the dual-port dual-clock mode with WYSIWYG parameter SAFE_WRITE = "VERIFIED_SAFE". However, this mode might not work in Cyclone II device family in this version of Quartus II software. Please refer to the Cyclone II FPGA Family Errata Sheet for more information on this feature.
Critical Warning: M4K memory block WYSIWYG primitive "MIPS2:Processor0|DataMemory:memData|SysDataBlock:MB1|altsyncram:altsyncram_component|altsyncram_5jk1:auto_generated|altsyncram_c1g2:altsyncram1|ram_block3a7" utilizes the dual-port dual-clock mode with WYSIWYG parameter SAFE_WRITE = "VERIFIED_SAFE". However, this mode might not work in Cyclone II device family in this version of Quartus II software. Please refer to the Cyclone II FPGA Family Errata Sheet for more information on this feature.
Critical Warning: M4K memory block WYSIWYG primitive "MIPS2:Processor0|DataMemory:memData|UserDataBlock:MB0|altsyncram:altsyncram_component|altsyncram_3ik1:auto_generated|altsyncram_21g2:altsyncram1|ram_block3a6" utilizes the dual-port dual-clock mode with WYSIWYG parameter SAFE_WRITE = "VERIFIED_SAFE". However, this mode might not work in Cyclone II device family in this version of Quartus II software. Please refer to the Cyclone II FPGA Family Errata Sheet for more information on this feature.
Critical Warning: M4K memory block WYSIWYG primitive "MIPS2:Processor0|DataMemory:memData|UserDataBlock:MB0|altsyncram:altsyncram_component|altsyncram_3ik1:auto_generated|altsyncram_21g2:altsyncram1|ram_block3a5" utilizes the dual-port dual-clock mode with WYSIWYG parameter SAFE_WRITE = "VERIFIED_SAFE". However, this mode might not work in Cyclone II device family in this version of Quartus II software. Please refer to the Cyclone II FPGA Family Errata Sheet for more information on this feature.
Critical Warning: M4K memory block WYSIWYG primitive "MIPS2:Processor0|DataMemory:memData|SysDataBlock:MB1|altsyncram:altsyncram_component|altsyncram_5jk1:auto_generated|altsyncram_c1g2:altsyncram1|ram_block3a5" utilizes the dual-port dual-clock mode with WYSIWYG parameter SAFE_WRITE = "VERIFIED_SAFE". However, this mode might not work in Cyclone II device family in this version of Quartus II software. Please refer to the Cyclone II FPGA Family Errata Sheet for more information on this feature.
Critical Warning: M4K memory block WYSIWYG primitive "MIPS2:Processor0|DataMemory:memData|UserDataBlock:MB0|altsyncram:altsyncram_component|altsyncram_3ik1:auto_generated|altsyncram_21g2:altsyncram1|ram_block3a4" utilizes the dual-port dual-clock mode with WYSIWYG parameter SAFE_WRITE = "VERIFIED_SAFE". However, this mode might not work in Cyclone II device family in this version of Quartus II software. Please refer to the Cyclone II FPGA Family Errata Sheet for more information on this feature.
Critical Warning: M4K memory block WYSIWYG primitive "MIPS2:Processor0|DataMemory:memData|UserDataBlock:MB0|altsyncram:altsyncram_component|altsyncram_3ik1:auto_generated|altsyncram_21g2:altsyncram1|ram_block3a3" utilizes the dual-port dual-clock mode with WYSIWYG parameter SAFE_WRITE = "VERIFIED_SAFE". However, this mode might not work in Cyclone II device family in this version of Quartus II software. Please refer to the Cyclone II FPGA Family Errata Sheet for more information on this feature.
Critical Warning: M4K memory block WYSIWYG primitive "MIPS2:Processor0|DataMemory:memData|SysDataBlock:MB1|altsyncram:altsyncram_component|altsyncram_5jk1:auto_generated|altsyncram_c1g2:altsyncram1|ram_block3a3" utilizes the dual-port dual-clock mode with WYSIWYG parameter SAFE_WRITE = "VERIFIED_SAFE". However, this mode might not work in Cyclone II device family in this version of Quartus II software. Please refer to the Cyclone II FPGA Family Errata Sheet for more information on this feature.
Critical Warning: M4K memory block WYSIWYG primitive "MIPS2:Processor0|DataMemory:memData|UserDataBlock:MB0|altsyncram:altsyncram_component|altsyncram_3ik1:auto_generated|altsyncram_21g2:altsyncram1|ram_block3a2" utilizes the dual-port dual-clock mode with WYSIWYG parameter SAFE_WRITE = "VERIFIED_SAFE". However, this mode might not work in Cyclone II device family in this version of Quartus II software. Please refer to the Cyclone II FPGA Family Errata Sheet for more information on this feature.
Critical Warning: M4K memory block WYSIWYG primitive "MIPS2:Processor0|DataMemory:memData|UserDataBlock:MB0|altsyncram:altsyncram_component|altsyncram_3ik1:auto_generated|altsyncram_21g2:altsyncram1|ram_block3a1" utilizes the dual-port dual-clock mode with WYSIWYG parameter SAFE_WRITE = "VERIFIED_SAFE". However, this mode might not work in Cyclone II device family in this version of Quartus II software. Please refer to the Cyclone II FPGA Family Errata Sheet for more information on this feature.
Critical Warning: M4K memory block WYSIWYG primitive "MIPS2:Processor0|DataMemory:memData|SysDataBlock:MB1|altsyncram:altsyncram_component|altsyncram_5jk1:auto_generated|altsyncram_c1g2:altsyncram1|ram_block3a1" utilizes the dual-port dual-clock mode with WYSIWYG parameter SAFE_WRITE = "VERIFIED_SAFE". However, this mode might not work in Cyclone II device family in this version of Quartus II software. Please refer to the Cyclone II FPGA Family Errata Sheet for more information on this feature.
Info: Writing out detailed assembly data for power analysis
Info: Assembler is generating device programming files
Info: Quartus II Assembler was successful. 0 errors, 48 warnings
    Info: Peak virtual memory: 332 megabytes
    Info: Processing ended: Thu Jul 04 15:36:01 2013
    Info: Elapsed time: 00:00:11
    Info: Total CPU time (on all processors): 00:00:10


