MIF/HEX Update report for TopDE
Mon Jul 30 15:04:58 2012
Quartus II Version 9.1 Build 222 10/21/2009 SJ Web Edition


---------------------
; Table of Contents ;
---------------------
  1. Legal Notice
  2. MIF/HEX Update Summary
  3. MIF/HEX Update Processed Files
  4. MIF/HEX Update Messages



----------------
; Legal Notice ;
----------------
Copyright (C) 1991-2009 Altera Corporation
Your use of Altera Corporation's design tools, logic functions 
and other software and tools, and its AMPP partner logic 
functions, and any output files from any of the foregoing 
(including device programming or simulation files), and any 
associated documentation or information are expressly subject 
to the terms and conditions of the Altera Program License 
Subscription Agreement, Altera MegaCore Function License 
Agreement, or other applicable license agreement, including, 
without limitation, that your use is for the sole purpose of 
programming logic devices manufactured by Altera and sold by 
Altera or its authorized distributors.  Please refer to the 
applicable agreement for further details.



+---------------------------------------------------------------+
; MIF/HEX Update Summary                                        ;
+-----------------------+---------------------------------------+
; MIF/HEX Update Status ; Successful - Mon Jul 30 15:04:58 2012 ;
; Revision Name         ; TopDE                                 ;
; Top-level Entity Name ; TopDE                                 ;
; Family                ; Cyclone II                            ;
; Device                ; EP2C70F896C6                          ;
+-----------------------+---------------------------------------+


+-----------------------------------------------------------------------------------------------------------------------------------+
; MIF/HEX Update Processed Files                                                                                                    ;
+-----------------------------------------------------------------------------------------------------------------------------------+
; File Name                                                                                                                         ;
+-----------------------------------------------------------------------------------------------------------------------------------+
; C:/Users/lamar/Documents/Meus_Documentos/kiko/Disciplinas/UnB/OAC/MIPS-DE2-70/Pipeline/MIPS-PIPE_v2/MIPS-PIPE_v2/default_code.mif ;
; C:/Users/lamar/Documents/Meus_Documentos/kiko/Disciplinas/UnB/OAC/MIPS-DE2-70/Pipeline/MIPS-PIPE_v2/MIPS-PIPE_v2/default_data.mif ;
; C:/Users/lamar/Documents/Meus_Documentos/kiko/Disciplinas/UnB/OAC/MIPS-DE2-70/Pipeline/MIPS-PIPE_v2/MIPS-PIPE_v2/display2.mif     ;
; C:/Users/lamar/Documents/Meus_Documentos/kiko/Disciplinas/UnB/OAC/MIPS-DE2-70/Pipeline/MIPS-PIPE_v2/MIPS-PIPE_v2/syscall_code.mif ;
; C:/Users/lamar/Documents/Meus_Documentos/kiko/Disciplinas/UnB/OAC/MIPS-DE2-70/Pipeline/MIPS-PIPE_v2/MIPS-PIPE_v2/syscall_data.mif ;
+-----------------------------------------------------------------------------------------------------------------------------------+


+-------------------------+
; MIF/HEX Update Messages ;
+-------------------------+
Info: *******************************************************************
Info: Running Quartus II MIF/HEX Update
    Info: Version 9.1 Build 222 10/21/2009 SJ Web Edition
    Info: Processing started: Mon Jul 30 15:04:54 2012
Info: Command: quartus_cdb MIPS-PIPE_v2 -c TopDE --update_mif
Warning: Can't find Memory Initialization File teste_wav_code.mif -- skipped updates for this file
Warning: Can't find Memory Initialization File teste_wav_data.mif -- skipped updates for this file
Warning: 1605 out of 2048 addresses are uninitialized. The Quartus II software will initialize them to "0". There are 1 warnings found, and 1 warnings are reported.
    Warning: Addresses ranging from 443 to 2047 are not initialized
Warning: 4048 out of 4096 addresses are uninitialized. The Quartus II software will initialize them to "0". There are 1 warnings found, and 1 warnings are reported.
    Warning: Addresses ranging from 48 to 4095 are not initialized
Warning: 16364 out of 16384 addresses are uninitialized. The Quartus II software will initialize them to "0". There are 1 warnings found, and 1 warnings are reported.
    Warning: Addresses ranging from 20 to 16383 are not initialized
Critical Warning: Memory depth (4096) in the design file differs from memory depth (16384) in the Memory Initialization File "default_data.mif" -- truncated remaining initial content value to fit RAM
Warning: 184 out of 2048 addresses are uninitialized. The Quartus II software will initialize them to "0". There are 1 warnings found, and 1 warnings are reported.
    Warning: Addresses ranging from 1864 to 2047 are not initialized
Info: Processed the following Memory Initialization File(s)
    Info: Processed Memory Initialization File C:/Users/lamar/Documents/Meus_Documentos/kiko/Disciplinas/UnB/OAC/MIPS-DE2-70/Pipeline/MIPS-PIPE_v2/MIPS-PIPE_v2/default_code.mif
    Info: Processed Memory Initialization File C:/Users/lamar/Documents/Meus_Documentos/kiko/Disciplinas/UnB/OAC/MIPS-DE2-70/Pipeline/MIPS-PIPE_v2/MIPS-PIPE_v2/default_data.mif
    Info: Processed Memory Initialization File C:/Users/lamar/Documents/Meus_Documentos/kiko/Disciplinas/UnB/OAC/MIPS-DE2-70/Pipeline/MIPS-PIPE_v2/MIPS-PIPE_v2/display2.mif
    Info: Processed Memory Initialization File C:/Users/lamar/Documents/Meus_Documentos/kiko/Disciplinas/UnB/OAC/MIPS-DE2-70/Pipeline/MIPS-PIPE_v2/MIPS-PIPE_v2/syscall_code.mif
    Info: Processed Memory Initialization File C:/Users/lamar/Documents/Meus_Documentos/kiko/Disciplinas/UnB/OAC/MIPS-DE2-70/Pipeline/MIPS-PIPE_v2/MIPS-PIPE_v2/syscall_data.mif
Info: Quartus II MIF/HEX Update was successful. 0 errors, 11 warnings
    Info: Peak virtual memory: 212 megabytes
    Info: Processing ended: Mon Jul 30 15:04:58 2012
    Info: Elapsed time: 00:00:04
    Info: Total CPU time (on all processors): 00:00:05


